<?xml version="1.0" encoding="UTF-8"?>
<!-- Generated by org.testng.reporters.JUnitXMLReporter -->
<testsuite ignored="4" hostname="LTIN280166" failures="0" tests="14" name="ChromeTest" time="224.063" errors="0" timestamp="2024-02-29T18:03:05 IST">
  <testcase classname="TestCases.TC001_SearchwebDev" name="search_course" time="17.055"/>
  <testcase classname="TestCases.TC001_SearchwebDev" name="SelectLanguageFilter" time="2.872"/>
  <testcase classname="TestCases.TC001_SearchwebDev" name="SelectLevelFilter" time="0.908"/>
  <testcase classname="TestCases.TC001_SearchwebDev" name="course_list" time="26.952"/>
  <testcase classname="TestCases.TC002_LanguageAndLevels" name="Languagecount" time="7.505"/>
  <testcase classname="TestCases.TC002_LanguageAndLevels" name="ClickOnApply" time="1.546"/>
  <testcase classname="TestCases.TC002_LanguageAndLevels" name="Levels" time="2.716"/>
  <testcase classname="TestCases.TC003_Form" name="HomePage" time="18.501"/>
  <testcase classname="TestCases.TC003_Form" name="ForEnterprise" time="63.697"/>
  <testcase classname="TestCases.TC003_Form" name="Solutions" time="1.347"/>
  <testcase classname="TestCases.TC003_Form" name="ForCampus" time="29.466"/>
  <testcase classname="TestCases.TC003_Form" name="Form" time="3.319"/>
  <testcase classname="TestCases.TC003_Form" name="FormSubmit" time="0.13"/>
  <testcase classname="TestCases.TC003_Form" name="CaptureError" time="0.142"/>
  <testcase classname="BaseClass.baseclass" name="@BeforeTest Setup" time="0.0">
    <ignored/>
  </testcase> <!-- @BeforeTest Setup -->
  <testcase classname="BaseClass.baseclass" name="@BeforeTest Setup" time="0.0">
    <ignored/>
  </testcase> <!-- @BeforeTest Setup -->
  <testcase classname="BaseClass.baseclass" name="@AfterTest tearDown" time="0.0">
    <ignored/>
  </testcase> <!-- @AfterTest tearDown -->
  <testcase classname="BaseClass.baseclass" name="@AfterTest tearDown" time="0.0">
    <ignored/>
  </testcase> <!-- @AfterTest tearDown -->
</testsuite> <!-- ChromeTest -->
