<?xml version="1.0" encoding="UTF-8"?>
<!-- Generated by org.testng.reporters.JUnitXMLReporter -->
<testsuite ignored="4" hostname="LTIN280166" failures="0" tests="14" name="EdgeTest" time="190.019" errors="0" timestamp="2024-02-29T18:06:27 IST">
  <testcase classname="TestCases.TC001_SearchwebDev" name="search_course" time="18.766"/>
  <testcase classname="TestCases.TC001_SearchwebDev" name="SelectLanguageFilter" time="2.519"/>
  <testcase classname="TestCases.TC001_SearchwebDev" name="SelectLevelFilter" time="0.359"/>
  <testcase classname="TestCases.TC001_SearchwebDev" name="course_list" time="26.934"/>
  <testcase classname="TestCases.TC002_LanguageAndLevels" name="Languagecount" time="6.82"/>
  <testcase classname="TestCases.TC002_LanguageAndLevels" name="ClickOnApply" time="1.898"/>
  <testcase classname="TestCases.TC002_LanguageAndLevels" name="Levels" time="2.691"/>
  <testcase classname="TestCases.TC003_Form" name="HomePage" time="19.863"/>
  <testcase classname="TestCases.TC003_Form" name="ForEnterprise" time="24.022"/>
  <testcase classname="TestCases.TC003_Form" name="Solutions" time="1.513"/>
  <testcase classname="TestCases.TC003_Form" name="ForCampus" time="19.629"/>
  <testcase classname="TestCases.TC003_Form" name="Form" time="3.519"/>
  <testcase classname="TestCases.TC003_Form" name="FormSubmit" time="0.068"/>
  <testcase classname="TestCases.TC003_Form" name="CaptureError" time="0.109"/>
  <testcase classname="BaseClass.baseclass" name="@BeforeTest Setup" time="0.0">
    <ignored/>
  </testcase> <!-- @BeforeTest Setup -->
  <testcase classname="BaseClass.baseclass" name="@BeforeTest Setup" time="0.0">
    <ignored/>
  </testcase> <!-- @BeforeTest Setup -->
  <testcase classname="BaseClass.baseclass" name="@AfterTest tearDown" time="0.0">
    <ignored/>
  </testcase> <!-- @AfterTest tearDown -->
  <testcase classname="BaseClass.baseclass" name="@AfterTest tearDown" time="0.0">
    <ignored/>
  </testcase> <!-- @AfterTest tearDown -->
</testsuite> <!-- EdgeTest -->
