<?xml version="1.0" encoding="UTF-8"?>
<!-- Generated by org.testng.reporters.JUnitXMLReporter -->
<testsuite ignored="4" hostname="LTIN280166" failures="0" tests="14" name="Test" time="106.893" errors="0" timestamp="2024-03-09T13:37:27 IST">
  <testcase classname="TestCases.TC001_SearchwebDev" name="search_course" time="8.182"/>
  <testcase classname="TestCases.TC001_SearchwebDev" name="SelectLanguageFilter" time="2.783"/>
  <testcase classname="TestCases.TC001_SearchwebDev" name="SelectLevelFilter" time="0.665"/>
  <testcase classname="TestCases.TC001_SearchwebDev" name="course_list" time="17.09"/>
  <testcase classname="TestCases.TC002_LanguageAndLevels" name="Languagecount" time="7.989"/>
  <testcase classname="TestCases.TC002_LanguageAndLevels" name="ClickOnApply" time="1.906"/>
  <testcase classname="TestCases.TC002_LanguageAndLevels" name="Levels" time="3.479"/>
  <testcase classname="TestCases.TC003_Form" name="HomePage" time="6.489"/>
  <testcase classname="TestCases.TC003_Form" name="ForEnterprise" time="14.542"/>
  <testcase classname="TestCases.TC003_Form" name="Solutions" time="1.371"/>
  <testcase classname="TestCases.TC003_Form" name="ForCampus" time="6.422"/>
  <testcase classname="TestCases.TC003_Form" name="Form" time="5.361"/>
  <testcase classname="TestCases.TC003_Form" name="FormSubmit" time="0.113"/>
  <testcase classname="TestCases.TC003_Form" name="CaptureError" time="0.153"/>
  <testcase classname="BaseClass.baseclass" name="@BeforeTest Setup" time="0.0">
    <ignored/>
  </testcase> <!-- @BeforeTest Setup -->
  <testcase classname="BaseClass.baseclass" name="@BeforeTest Setup" time="0.0">
    <ignored/>
  </testcase> <!-- @BeforeTest Setup -->
  <testcase classname="BaseClass.baseclass" name="@AfterTest tearDown" time="0.0">
    <ignored/>
  </testcase> <!-- @AfterTest tearDown -->
  <testcase classname="BaseClass.baseclass" name="@AfterTest tearDown" time="0.0">
    <ignored/>
  </testcase> <!-- @AfterTest tearDown -->
</testsuite> <!-- Test -->
