<?xml version="1.0" encoding="UTF-8"?>
<!-- Generated by org.testng.reporters.JUnitXMLReporter -->
<testsuite ignored="4" hostname="LTIN280166" failures="1" tests="14" name="Test" time="296.048" errors="0" timestamp="2024-03-04T15:50:15 IST">
  <testcase classname="TestCases.TC001_SearchwebDev" name="search_course" time="14.926"/>
  <testcase classname="TestCases.TC001_SearchwebDev" name="SelectLanguageFilter" time="2.008"/>
  <testcase classname="TestCases.TC001_SearchwebDev" name="SelectLevelFilter" time="0.279"/>
  <testcase classname="TestCases.TC001_SearchwebDev" name="course_list" time="80.352"/>
  <testcase classname="TestCases.TC002_LanguageAndLevels" name="Languagecount" time="7.82"/>
  <testcase classname="TestCases.TC002_LanguageAndLevels" name="ClickOnApply" time="1.602"/>
  <testcase classname="TestCases.TC002_LanguageAndLevels" name="Levels" time="2.873">
    <failure type="java.io.FileNotFoundException" message="C:\Users\2303714\OneDrive - Cognizant\Desktop\HackathonAK\HackathonProjectMainAK\TestData\ExcelFile.xlsx (The process cannot access the file because it is being used by another process)">
      <![CDATA[java.io.FileNotFoundException: C:\Users\2303714\OneDrive - Cognizant\Desktop\HackathonAK\HackathonProjectMainAK\TestData\ExcelFile.xlsx (The process cannot access the file because it is being used by another process)
at java.base/java.io.FileOutputStream.open0(Native Method)
at java.base/java.io.FileOutputStream.open(FileOutputStream.java:293)
at java.base/java.io.FileOutputStream.<init>(FileOutputStream.java:235)
at java.base/java.io.FileOutputStream.<init>(FileOutputStream.java:123)
at Utilities.ExcelUtils.write(ExcelUtils.java:51)
at PageObject.java.LanguageAndLevels.displayLevels(LanguageAndLevels.java:88)
at TestCases.TC002_LanguageAndLevels.Levels(TC002_LanguageAndLevels.java:46)
at java.base/java.util.ArrayList.forEach(ArrayList.java:1511)
... Removed 31 stack frames]]>
    </failure>
  </testcase> <!-- Levels -->
  <testcase classname="TestCases.TC003_Form" name="HomePage" time="17.418"/>
  <testcase classname="TestCases.TC003_Form" name="ForEnterprise" time="30.029"/>
  <testcase classname="TestCases.TC003_Form" name="Solutions" time="1.261"/>
  <testcase classname="TestCases.TC003_Form" name="ForCampus" time="13.123"/>
  <testcase classname="TestCases.TC003_Form" name="Form" time="3.422"/>
  <testcase classname="TestCases.TC003_Form" name="FormSubmit" time="0.131"/>
  <testcase classname="TestCases.TC003_Form" name="CaptureError" time="0.114"/>
  <testcase classname="BaseClass.baseclass" name="@BeforeTest Setup" time="0.0">
    <ignored/>
  </testcase> <!-- @BeforeTest Setup -->
  <testcase classname="BaseClass.baseclass" name="@BeforeTest Setup" time="0.0">
    <ignored/>
  </testcase> <!-- @BeforeTest Setup -->
  <testcase classname="BaseClass.baseclass" name="@AfterTest tearDown" time="0.0">
    <ignored/>
  </testcase> <!-- @AfterTest tearDown -->
  <testcase classname="BaseClass.baseclass" name="@AfterTest tearDown" time="0.0">
    <ignored/>
  </testcase> <!-- @AfterTest tearDown -->
</testsuite> <!-- Test -->
