<?xml version="1.0" encoding="UTF-8"?>
<testng-results ignored="0" total="14" passed="13" failed="1" skipped="0">
  <reporter-output>
  </reporter-output>
  <suite started-at="2024-03-04T15:45:12 IST" name="Suite" finished-at="2024-03-04T15:50:08 IST" duration-ms="296048">
    <groups>
      <group name="regression">
        <method signature="TC003_Form.Form()[pri:12, instance:TestCases.TC003_Form@222545dc]" name="Form" class="TestCases.TC003_Form"/>
        <method signature="TC003_Form.FormSubmit()[pri:13, instance:TestCases.TC003_Form@222545dc]" name="FormSubmit" class="TestCases.TC003_Form"/>
        <method signature="TC003_Form.CaptureError()[pri:14, instance:TestCases.TC003_Form@222545dc]" name="CaptureError" class="TestCases.TC003_Form"/>
      </group> <!-- regression -->
      <group name="sanity">
        <method signature="TC001_SearchwebDev.search_course()[pri:1, instance:TestCases.TC001_SearchwebDev@6b81ce95]" name="search_course" class="TestCases.TC001_SearchwebDev"/>
        <method signature="TC001_SearchwebDev.SelectLanguageFilter()[pri:2, instance:TestCases.TC001_SearchwebDev@6b81ce95]" name="SelectLanguageFilter" class="TestCases.TC001_SearchwebDev"/>
        <method signature="TC001_SearchwebDev.SelectLevelFilter()[pri:3, instance:TestCases.TC001_SearchwebDev@6b81ce95]" name="SelectLevelFilter" class="TestCases.TC001_SearchwebDev"/>
        <method signature="TC001_SearchwebDev.course_list()[pri:4, instance:TestCases.TC001_SearchwebDev@6b81ce95]" name="course_list" class="TestCases.TC001_SearchwebDev"/>
        <method signature="TC002_LanguageAndLevels.Languagecount()[pri:5, instance:TestCases.TC002_LanguageAndLevels@6ae5aa72]" name="Languagecount" class="TestCases.TC002_LanguageAndLevels"/>
        <method signature="TC002_LanguageAndLevels.ClickOnApply()[pri:6, instance:TestCases.TC002_LanguageAndLevels@6ae5aa72]" name="ClickOnApply" class="TestCases.TC002_LanguageAndLevels"/>
        <method signature="TC002_LanguageAndLevels.Levels()[pri:7, instance:TestCases.TC002_LanguageAndLevels@6ae5aa72]" name="Levels" class="TestCases.TC002_LanguageAndLevels"/>
        <method signature="TC003_Form.HomePage()[pri:8, instance:TestCases.TC003_Form@222545dc]" name="HomePage" class="TestCases.TC003_Form"/>
        <method signature="TC003_Form.ForEnterprise()[pri:9, instance:TestCases.TC003_Form@222545dc]" name="ForEnterprise" class="TestCases.TC003_Form"/>
        <method signature="TC003_Form.Solutions()[pri:10, instance:TestCases.TC003_Form@222545dc]" name="Solutions" class="TestCases.TC003_Form"/>
        <method signature="TC003_Form.ForCampus()[pri:11, instance:TestCases.TC003_Form@222545dc]" name="ForCampus" class="TestCases.TC003_Form"/>
      </group> <!-- sanity -->
      <group name="master">
        <method signature="TC001_SearchwebDev.search_course()[pri:1, instance:TestCases.TC001_SearchwebDev@6b81ce95]" name="search_course" class="TestCases.TC001_SearchwebDev"/>
        <method signature="TC001_SearchwebDev.SelectLanguageFilter()[pri:2, instance:TestCases.TC001_SearchwebDev@6b81ce95]" name="SelectLanguageFilter" class="TestCases.TC001_SearchwebDev"/>
        <method signature="TC001_SearchwebDev.SelectLevelFilter()[pri:3, instance:TestCases.TC001_SearchwebDev@6b81ce95]" name="SelectLevelFilter" class="TestCases.TC001_SearchwebDev"/>
        <method signature="TC001_SearchwebDev.course_list()[pri:4, instance:TestCases.TC001_SearchwebDev@6b81ce95]" name="course_list" class="TestCases.TC001_SearchwebDev"/>
        <method signature="TC002_LanguageAndLevels.Languagecount()[pri:5, instance:TestCases.TC002_LanguageAndLevels@6ae5aa72]" name="Languagecount" class="TestCases.TC002_LanguageAndLevels"/>
        <method signature="TC002_LanguageAndLevels.ClickOnApply()[pri:6, instance:TestCases.TC002_LanguageAndLevels@6ae5aa72]" name="ClickOnApply" class="TestCases.TC002_LanguageAndLevels"/>
        <method signature="TC002_LanguageAndLevels.Levels()[pri:7, instance:TestCases.TC002_LanguageAndLevels@6ae5aa72]" name="Levels" class="TestCases.TC002_LanguageAndLevels"/>
        <method signature="TC003_Form.HomePage()[pri:8, instance:TestCases.TC003_Form@222545dc]" name="HomePage" class="TestCases.TC003_Form"/>
        <method signature="TC003_Form.ForEnterprise()[pri:9, instance:TestCases.TC003_Form@222545dc]" name="ForEnterprise" class="TestCases.TC003_Form"/>
        <method signature="TC003_Form.Solutions()[pri:10, instance:TestCases.TC003_Form@222545dc]" name="Solutions" class="TestCases.TC003_Form"/>
        <method signature="TC003_Form.ForCampus()[pri:11, instance:TestCases.TC003_Form@222545dc]" name="ForCampus" class="TestCases.TC003_Form"/>
        <method signature="TC003_Form.Form()[pri:12, instance:TestCases.TC003_Form@222545dc]" name="Form" class="TestCases.TC003_Form"/>
        <method signature="TC003_Form.FormSubmit()[pri:13, instance:TestCases.TC003_Form@222545dc]" name="FormSubmit" class="TestCases.TC003_Form"/>
        <method signature="TC003_Form.CaptureError()[pri:14, instance:TestCases.TC003_Form@222545dc]" name="CaptureError" class="TestCases.TC003_Form"/>
      </group> <!-- master -->
    </groups>
    <test started-at="2024-03-04T15:45:12 IST" name="Test" finished-at="2024-03-04T15:50:08 IST" duration-ms="296048">
      <class name="TestCases.TC002_LanguageAndLevels">
        <test-method signature="Languagecount()[pri:5, instance:TestCases.TC002_LanguageAndLevels@6ae5aa72]" started-at="2024-03-04T15:48:45 IST" name="Languagecount" finished-at="2024-03-04T15:48:53 IST" duration-ms="7820" status="PASS">
          <reporter-output>
          </reporter-output>
        </test-method> <!-- Languagecount -->
        <test-method signature="ClickOnApply()[pri:6, instance:TestCases.TC002_LanguageAndLevels@6ae5aa72]" started-at="2024-03-04T15:48:53 IST" name="ClickOnApply" finished-at="2024-03-04T15:48:54 IST" duration-ms="1602" status="PASS">
          <reporter-output>
          </reporter-output>
        </test-method> <!-- ClickOnApply -->
        <test-method signature="Levels()[pri:7, instance:TestCases.TC002_LanguageAndLevels@6ae5aa72]" started-at="2024-03-04T15:48:55 IST" name="Levels" finished-at="2024-03-04T15:48:58 IST" duration-ms="2873" status="FAIL">
          <exception class="java.io.FileNotFoundException">
            <message>
              <![CDATA[C:\Users\2303714\OneDrive - Cognizant\Desktop\HackathonAK\HackathonProjectMainAK\TestData\ExcelFile.xlsx (The process cannot access the file because it is being used by another process)]]>
            </message>
            <full-stacktrace>
              <![CDATA[java.io.FileNotFoundException: C:\Users\2303714\OneDrive - Cognizant\Desktop\HackathonAK\HackathonProjectMainAK\TestData\ExcelFile.xlsx (The process cannot access the file because it is being used by another process)
at java.base/java.io.FileOutputStream.open0(Native Method)
at java.base/java.io.FileOutputStream.open(FileOutputStream.java:293)
at java.base/java.io.FileOutputStream.<init>(FileOutputStream.java:235)
at java.base/java.io.FileOutputStream.<init>(FileOutputStream.java:123)
at Utilities.ExcelUtils.write(ExcelUtils.java:51)
at PageObject.java.LanguageAndLevels.displayLevels(LanguageAndLevels.java:88)
at TestCases.TC002_LanguageAndLevels.Levels(TC002_LanguageAndLevels.java:46)
at java.base/jdk.internal.reflect.NativeMethodAccessorImpl.invoke0(Native Method)
at java.base/jdk.internal.reflect.NativeMethodAccessorImpl.invoke(NativeMethodAccessorImpl.java:77)
at java.base/jdk.internal.reflect.DelegatingMethodAccessorImpl.invoke(DelegatingMethodAccessorImpl.java:43)
at java.base/java.lang.reflect.Method.invoke(Method.java:568)
at org.testng.internal.invokers.MethodInvocationHelper.invokeMethod(MethodInvocationHelper.java:139)
at org.testng.internal.invokers.TestInvoker.invokeMethod(TestInvoker.java:664)
at org.testng.internal.invokers.TestInvoker.invokeTestMethod(TestInvoker.java:228)
at org.testng.internal.invokers.MethodRunner.runInSequence(MethodRunner.java:63)
at org.testng.internal.invokers.TestInvoker$MethodInvocationAgent.invoke(TestInvoker.java:961)
at org.testng.internal.invokers.TestInvoker.invokeTestMethods(TestInvoker.java:201)
at org.testng.internal.invokers.TestMethodWorker.invokeTestMethods(TestMethodWorker.java:148)
at org.testng.internal.invokers.TestMethodWorker.run(TestMethodWorker.java:128)
at java.base/java.util.ArrayList.forEach(ArrayList.java:1511)
at org.testng.TestRunner.privateRun(TestRunner.java:819)
at org.testng.TestRunner.run(TestRunner.java:619)
at org.testng.SuiteRunner.runTest(SuiteRunner.java:443)
at org.testng.SuiteRunner.runSequentially(SuiteRunner.java:437)
at org.testng.SuiteRunner.privateRun(SuiteRunner.java:397)
at org.testng.SuiteRunner.run(SuiteRunner.java:336)
at org.testng.SuiteRunnerWorker.runSuite(SuiteRunnerWorker.java:52)
at org.testng.SuiteRunnerWorker.run(SuiteRunnerWorker.java:95)
at org.testng.TestNG.runSuitesSequentially(TestNG.java:1301)
at org.testng.TestNG.runSuitesLocally(TestNG.java:1228)
at org.testng.TestNG.runSuites(TestNG.java:1134)
at org.testng.TestNG.run(TestNG.java:1101)
at org.apache.maven.surefire.testng.TestNGExecutor.run(TestNGExecutor.java:308)
at org.apache.maven.surefire.testng.TestNGXmlTestSuite.execute(TestNGXmlTestSuite.java:71)
at org.apache.maven.surefire.testng.TestNGProvider.invoke(TestNGProvider.java:113)
at org.apache.maven.surefire.booter.ForkedBooter.runSuitesInProcess(ForkedBooter.java:385)
at org.apache.maven.surefire.booter.ForkedBooter.execute(ForkedBooter.java:162)
at org.apache.maven.surefire.booter.ForkedBooter.run(ForkedBooter.java:507)
at org.apache.maven.surefire.booter.ForkedBooter.main(ForkedBooter.java:495)
]]>
            </full-stacktrace>
          </exception> <!-- java.io.FileNotFoundException -->
          <reporter-output>
          </reporter-output>
        </test-method> <!-- Levels -->
      </class> <!-- TestCases.TC002_LanguageAndLevels -->
      <class name="TestCases.TC001_SearchwebDev">
        <test-method is-config="true" signature="Setup(java.lang.String)[pri:0, instance:TestCases.TC001_SearchwebDev@6b81ce95]" started-at="2024-03-04T15:45:12 IST" name="Setup" finished-at="2024-03-04T15:47:06 IST" duration-ms="113284" status="PASS">
          <params>
            <param index="0">
              <value>
                <![CDATA[Chrome]]>
              </value>
            </param>
          </params>
          <reporter-output>
          </reporter-output>
        </test-method> <!-- Setup -->
        <test-method signature="search_course()[pri:1, instance:TestCases.TC001_SearchwebDev@6b81ce95]" started-at="2024-03-04T15:47:06 IST" name="search_course" finished-at="2024-03-04T15:47:21 IST" duration-ms="14926" status="PASS">
          <reporter-output>
          </reporter-output>
        </test-method> <!-- search_course -->
        <test-method signature="SelectLanguageFilter()[pri:2, instance:TestCases.TC001_SearchwebDev@6b81ce95]" started-at="2024-03-04T15:47:21 IST" name="SelectLanguageFilter" finished-at="2024-03-04T15:47:23 IST" duration-ms="2008" status="PASS">
          <reporter-output>
          </reporter-output>
        </test-method> <!-- SelectLanguageFilter -->
        <test-method signature="SelectLevelFilter()[pri:3, instance:TestCases.TC001_SearchwebDev@6b81ce95]" started-at="2024-03-04T15:47:23 IST" name="SelectLevelFilter" finished-at="2024-03-04T15:47:24 IST" duration-ms="279" status="PASS">
          <reporter-output>
          </reporter-output>
        </test-method> <!-- SelectLevelFilter -->
        <test-method signature="course_list()[pri:4, instance:TestCases.TC001_SearchwebDev@6b81ce95]" started-at="2024-03-04T15:47:24 IST" name="course_list" finished-at="2024-03-04T15:48:44 IST" duration-ms="80352" status="PASS">
          <reporter-output>
          </reporter-output>
        </test-method> <!-- course_list -->
        <test-method is-config="true" signature="tearDown()[pri:0, instance:TestCases.TC001_SearchwebDev@6b81ce95]" started-at="2024-03-04T15:50:06 IST" name="tearDown" finished-at="2024-03-04T15:50:08 IST" duration-ms="1644" status="PASS">
          <reporter-output>
          </reporter-output>
        </test-method> <!-- tearDown -->
      </class> <!-- TestCases.TC001_SearchwebDev -->
      <class name="TestCases.TC003_Form">
        <test-method signature="HomePage()[pri:8, instance:TestCases.TC003_Form@222545dc]" started-at="2024-03-04T15:48:58 IST" name="HomePage" finished-at="2024-03-04T15:49:15 IST" duration-ms="17418" status="PASS">
          <reporter-output>
          </reporter-output>
        </test-method> <!-- HomePage -->
        <test-method signature="ForEnterprise()[pri:9, instance:TestCases.TC003_Form@222545dc]" started-at="2024-03-04T15:49:16 IST" name="ForEnterprise" finished-at="2024-03-04T15:49:46 IST" duration-ms="30029" status="PASS">
          <reporter-output>
          </reporter-output>
        </test-method> <!-- ForEnterprise -->
        <test-method signature="Solutions()[pri:10, instance:TestCases.TC003_Form@222545dc]" started-at="2024-03-04T15:49:46 IST" name="Solutions" finished-at="2024-03-04T15:49:48 IST" duration-ms="1261" status="PASS">
          <reporter-output>
          </reporter-output>
        </test-method> <!-- Solutions -->
        <test-method signature="ForCampus()[pri:11, instance:TestCases.TC003_Form@222545dc]" started-at="2024-03-04T15:49:48 IST" name="ForCampus" finished-at="2024-03-04T15:50:01 IST" duration-ms="13123" status="PASS">
          <reporter-output>
          </reporter-output>
        </test-method> <!-- ForCampus -->
        <test-method signature="Form()[pri:12, instance:TestCases.TC003_Form@222545dc]" started-at="2024-03-04T15:50:02 IST" name="Form" finished-at="2024-03-04T15:50:05 IST" duration-ms="3422" status="PASS">
          <reporter-output>
          </reporter-output>
        </test-method> <!-- Form -->
        <test-method signature="FormSubmit()[pri:13, instance:TestCases.TC003_Form@222545dc]" started-at="2024-03-04T15:50:05 IST" name="FormSubmit" finished-at="2024-03-04T15:50:05 IST" duration-ms="131" status="PASS">
          <reporter-output>
          </reporter-output>
        </test-method> <!-- FormSubmit -->
        <test-method signature="CaptureError()[pri:14, instance:TestCases.TC003_Form@222545dc]" started-at="2024-03-04T15:50:06 IST" name="CaptureError" finished-at="2024-03-04T15:50:06 IST" duration-ms="114" status="PASS">
          <reporter-output>
          </reporter-output>
        </test-method> <!-- CaptureError -->
      </class> <!-- TestCases.TC003_Form -->
    </test> <!-- Test -->
  </suite> <!-- Suite -->
</testng-results>
