<?xml version="1.0" encoding="UTF-8"?>
<testng-results ignored="4" total="18" passed="14" failed="0" skipped="0">
  <reporter-output>
  </reporter-output>
  <suite started-at="2024-03-09T13:35:40 IST" name="Suite" finished-at="2024-03-09T13:37:27 IST" duration-ms="106893">
    <groups>
      <group name="regression">
        <method signature="TC003_Form.CaptureError()[pri:14, instance:TestCases.TC003_Form@245b4bdc]" name="CaptureError" class="TestCases.TC003_Form"/>
        <method signature="TC003_Form.Form()[pri:12, instance:TestCases.TC003_Form@245b4bdc]" name="Form" class="TestCases.TC003_Form"/>
        <method signature="TC003_Form.FormSubmit()[pri:13, instance:TestCases.TC003_Form@245b4bdc]" name="FormSubmit" class="TestCases.TC003_Form"/>
      </group> <!-- regression -->
      <group name="sanity">
        <method signature="TC001_SearchwebDev.SelectLanguageFilter()[pri:2, instance:TestCases.TC001_SearchwebDev@59309333]" name="SelectLanguageFilter" class="TestCases.TC001_SearchwebDev"/>
        <method signature="TC001_SearchwebDev.SelectLevelFilter()[pri:3, instance:TestCases.TC001_SearchwebDev@59309333]" name="SelectLevelFilter" class="TestCases.TC001_SearchwebDev"/>
        <method signature="TC001_SearchwebDev.course_list()[pri:4, instance:TestCases.TC001_SearchwebDev@59309333]" name="course_list" class="TestCases.TC001_SearchwebDev"/>
        <method signature="TC001_SearchwebDev.search_course()[pri:1, instance:TestCases.TC001_SearchwebDev@59309333]" name="search_course" class="TestCases.TC001_SearchwebDev"/>
        <method signature="TC002_LanguageAndLevels.ClickOnApply()[pri:6, instance:TestCases.TC002_LanguageAndLevels@37afeb11]" name="ClickOnApply" class="TestCases.TC002_LanguageAndLevels"/>
        <method signature="TC002_LanguageAndLevels.Languagecount()[pri:5, instance:TestCases.TC002_LanguageAndLevels@37afeb11]" name="Languagecount" class="TestCases.TC002_LanguageAndLevels"/>
        <method signature="TC002_LanguageAndLevels.Levels()[pri:7, instance:TestCases.TC002_LanguageAndLevels@37afeb11]" name="Levels" class="TestCases.TC002_LanguageAndLevels"/>
        <method signature="TC003_Form.ForCampus()[pri:11, instance:TestCases.TC003_Form@245b4bdc]" name="ForCampus" class="TestCases.TC003_Form"/>
        <method signature="TC003_Form.ForEnterprise()[pri:9, instance:TestCases.TC003_Form@245b4bdc]" name="ForEnterprise" class="TestCases.TC003_Form"/>
        <method signature="TC003_Form.HomePage()[pri:8, instance:TestCases.TC003_Form@245b4bdc]" name="HomePage" class="TestCases.TC003_Form"/>
        <method signature="TC003_Form.Solutions()[pri:10, instance:TestCases.TC003_Form@245b4bdc]" name="Solutions" class="TestCases.TC003_Form"/>
      </group> <!-- sanity -->
      <group name="master">
        <method signature="TC001_SearchwebDev.SelectLanguageFilter()[pri:2, instance:TestCases.TC001_SearchwebDev@59309333]" name="SelectLanguageFilter" class="TestCases.TC001_SearchwebDev"/>
        <method signature="TC001_SearchwebDev.SelectLevelFilter()[pri:3, instance:TestCases.TC001_SearchwebDev@59309333]" name="SelectLevelFilter" class="TestCases.TC001_SearchwebDev"/>
        <method signature="TC001_SearchwebDev.course_list()[pri:4, instance:TestCases.TC001_SearchwebDev@59309333]" name="course_list" class="TestCases.TC001_SearchwebDev"/>
        <method signature="TC001_SearchwebDev.search_course()[pri:1, instance:TestCases.TC001_SearchwebDev@59309333]" name="search_course" class="TestCases.TC001_SearchwebDev"/>
        <method signature="TC002_LanguageAndLevels.ClickOnApply()[pri:6, instance:TestCases.TC002_LanguageAndLevels@37afeb11]" name="ClickOnApply" class="TestCases.TC002_LanguageAndLevels"/>
        <method signature="TC002_LanguageAndLevels.Languagecount()[pri:5, instance:TestCases.TC002_LanguageAndLevels@37afeb11]" name="Languagecount" class="TestCases.TC002_LanguageAndLevels"/>
        <method signature="TC002_LanguageAndLevels.Levels()[pri:7, instance:TestCases.TC002_LanguageAndLevels@37afeb11]" name="Levels" class="TestCases.TC002_LanguageAndLevels"/>
        <method signature="TC003_Form.CaptureError()[pri:14, instance:TestCases.TC003_Form@245b4bdc]" name="CaptureError" class="TestCases.TC003_Form"/>
        <method signature="TC003_Form.ForCampus()[pri:11, instance:TestCases.TC003_Form@245b4bdc]" name="ForCampus" class="TestCases.TC003_Form"/>
        <method signature="TC003_Form.ForEnterprise()[pri:9, instance:TestCases.TC003_Form@245b4bdc]" name="ForEnterprise" class="TestCases.TC003_Form"/>
        <method signature="TC003_Form.Form()[pri:12, instance:TestCases.TC003_Form@245b4bdc]" name="Form" class="TestCases.TC003_Form"/>
        <method signature="TC003_Form.FormSubmit()[pri:13, instance:TestCases.TC003_Form@245b4bdc]" name="FormSubmit" class="TestCases.TC003_Form"/>
        <method signature="TC003_Form.HomePage()[pri:8, instance:TestCases.TC003_Form@245b4bdc]" name="HomePage" class="TestCases.TC003_Form"/>
        <method signature="TC003_Form.Solutions()[pri:10, instance:TestCases.TC003_Form@245b4bdc]" name="Solutions" class="TestCases.TC003_Form"/>
      </group> <!-- master -->
    </groups>
    <test started-at="2024-03-09T13:35:40 IST" name="Test" finished-at="2024-03-09T13:37:27 IST" duration-ms="106893">
      <class name="TestCases.TC002_LanguageAndLevels">
        <test-method signature="Languagecount()[pri:5, instance:TestCases.TC002_LanguageAndLevels@37afeb11]" started-at="2024-03-09T13:36:33 IST" name="Languagecount" finished-at="2024-03-09T13:36:41 IST" duration-ms="7989" status="PASS">
          <reporter-output>
          </reporter-output>
        </test-method> <!-- Languagecount -->
        <test-method signature="ClickOnApply()[pri:6, instance:TestCases.TC002_LanguageAndLevels@37afeb11]" started-at="2024-03-09T13:36:41 IST" name="ClickOnApply" finished-at="2024-03-09T13:36:43 IST" duration-ms="1906" status="PASS">
          <reporter-output>
          </reporter-output>
        </test-method> <!-- ClickOnApply -->
        <test-method signature="Levels()[pri:7, instance:TestCases.TC002_LanguageAndLevels@37afeb11]" started-at="2024-03-09T13:36:43 IST" name="Levels" finished-at="2024-03-09T13:36:47 IST" duration-ms="3479" status="PASS">
          <reporter-output>
          </reporter-output>
        </test-method> <!-- Levels -->
      </class> <!-- TestCases.TC002_LanguageAndLevels -->
      <class name="TestCases.TC001_SearchwebDev">
        <test-method is-config="true" signature="Setup(java.lang.String)[pri:0, instance:TestCases.TC001_SearchwebDev@59309333]" started-at="2024-03-09T13:35:40 IST" name="Setup" finished-at="2024-03-09T13:36:02 IST" duration-ms="21570" status="PASS">
          <params>
            <param index="0">
              <value>
                <![CDATA[Chrome]]>
              </value>
            </param>
          </params>
          <reporter-output>
          </reporter-output>
        </test-method> <!-- Setup -->
        <test-method signature="search_course()[pri:1, instance:TestCases.TC001_SearchwebDev@59309333]" started-at="2024-03-09T13:36:02 IST" name="search_course" finished-at="2024-03-09T13:36:10 IST" duration-ms="8182" status="PASS">
          <reporter-output>
          </reporter-output>
        </test-method> <!-- search_course -->
        <test-method signature="SelectLanguageFilter()[pri:2, instance:TestCases.TC001_SearchwebDev@59309333]" started-at="2024-03-09T13:36:11 IST" name="SelectLanguageFilter" finished-at="2024-03-09T13:36:14 IST" duration-ms="2783" status="PASS">
          <reporter-output>
          </reporter-output>
        </test-method> <!-- SelectLanguageFilter -->
        <test-method signature="SelectLevelFilter()[pri:3, instance:TestCases.TC001_SearchwebDev@59309333]" started-at="2024-03-09T13:36:14 IST" name="SelectLevelFilter" finished-at="2024-03-09T13:36:15 IST" duration-ms="665" status="PASS">
          <reporter-output>
          </reporter-output>
        </test-method> <!-- SelectLevelFilter -->
        <test-method signature="course_list()[pri:4, instance:TestCases.TC001_SearchwebDev@59309333]" started-at="2024-03-09T13:36:15 IST" name="course_list" finished-at="2024-03-09T13:36:32 IST" duration-ms="17090" status="PASS">
          <reporter-output>
          </reporter-output>
        </test-method> <!-- course_list -->
        <test-method is-config="true" signature="tearDown()[pri:0, instance:TestCases.TC001_SearchwebDev@59309333]" started-at="2024-03-09T13:37:25 IST" name="tearDown" finished-at="2024-03-09T13:37:27 IST" duration-ms="1443" status="PASS">
          <reporter-output>
          </reporter-output>
        </test-method> <!-- tearDown -->
      </class> <!-- TestCases.TC001_SearchwebDev -->
      <class name="TestCases.TC003_Form">
        <test-method signature="HomePage()[pri:8, instance:TestCases.TC003_Form@245b4bdc]" started-at="2024-03-09T13:36:47 IST" name="HomePage" finished-at="2024-03-09T13:36:54 IST" duration-ms="6489" status="PASS">
          <reporter-output>
          </reporter-output>
        </test-method> <!-- HomePage -->
        <test-method signature="ForEnterprise()[pri:9, instance:TestCases.TC003_Form@245b4bdc]" started-at="2024-03-09T13:36:54 IST" name="ForEnterprise" finished-at="2024-03-09T13:37:09 IST" duration-ms="14542" status="PASS">
          <reporter-output>
          </reporter-output>
        </test-method> <!-- ForEnterprise -->
        <test-method signature="Solutions()[pri:10, instance:TestCases.TC003_Form@245b4bdc]" started-at="2024-03-09T13:37:09 IST" name="Solutions" finished-at="2024-03-09T13:37:11 IST" duration-ms="1371" status="PASS">
          <reporter-output>
          </reporter-output>
        </test-method> <!-- Solutions -->
        <test-method signature="ForCampus()[pri:11, instance:TestCases.TC003_Form@245b4bdc]" started-at="2024-03-09T13:37:11 IST" name="ForCampus" finished-at="2024-03-09T13:37:17 IST" duration-ms="6422" status="PASS">
          <reporter-output>
          </reporter-output>
        </test-method> <!-- ForCampus -->
        <test-method signature="Form()[pri:12, instance:TestCases.TC003_Form@245b4bdc]" started-at="2024-03-09T13:37:18 IST" name="Form" finished-at="2024-03-09T13:37:24 IST" duration-ms="5361" status="PASS">
          <reporter-output>
          </reporter-output>
        </test-method> <!-- Form -->
        <test-method signature="FormSubmit()[pri:13, instance:TestCases.TC003_Form@245b4bdc]" started-at="2024-03-09T13:37:24 IST" name="FormSubmit" finished-at="2024-03-09T13:37:24 IST" duration-ms="113" status="PASS">
          <reporter-output>
          </reporter-output>
        </test-method> <!-- FormSubmit -->
        <test-method signature="CaptureError()[pri:14, instance:TestCases.TC003_Form@245b4bdc]" started-at="2024-03-09T13:37:25 IST" name="CaptureError" finished-at="2024-03-09T13:37:25 IST" duration-ms="153" status="PASS">
          <reporter-output>
          </reporter-output>
        </test-method> <!-- CaptureError -->
      </class> <!-- TestCases.TC003_Form -->
    </test> <!-- Test -->
  </suite> <!-- Suite -->
</testng-results>
